\BOOKMARK [0][]{chapter*.1}{\376\377\144\130\000\040\000\040\211\201}{}% 1
\BOOKMARK [0][]{section*.2}{\376\377\126\376\166\356\137\125}{}% 2
\BOOKMARK [0][]{section*.3}{\376\377\210\150\166\356\137\125}{}% 3
\BOOKMARK [0][]{chapter.1}{\376\377\0001\000\040\176\352\213\272}{}% 4
\BOOKMARK [1][-]{section.1.1}{\376\377\0001\000.\0001\000\040\170\024\172\166\200\314\146\157\116\016\141\017\116\111}{chapter.1}% 5
\BOOKMARK [1][-]{section.1.2}{\376\377\0001\000.\0002\000\040\225\356\230\230\143\320\121\372\116\016\170\024\172\166\121\205\133\271}{chapter.1}% 6
\BOOKMARK [0][]{chapter.2}{\376\377\0002\000\040\225\356\230\230\122\006\147\220}{}% 7
\BOOKMARK [1][-]{section.2.1}{\376\377\0002\000.\0001\000\040\225\356\230\230\221\315\217\360}{chapter.2}% 8
\BOOKMARK [1][-]{section.2.2}{\376\377\0002\000.\0002\000\040\164\006\213\272\127\372\170\100}{chapter.2}% 9
\BOOKMARK [0][]{chapter.3}{\376\377\0003\000\040\152\041\127\213\136\372\172\313\116\016\154\102\211\343}{}% 10
\BOOKMARK [1][-]{section.3.1}{\376\377\0003\000.\0001\000\040\225\356\230\230\0001\377\032\230\234\202\162\172\172\225\364\217\154\143\142\152\041\127\213}{chapter.3}% 11
\BOOKMARK [1][-]{section.3.2}{\376\377\0003\000.\0002\000\040\225\356\230\230\0002\377\032\126\333\220\032\220\123\122\060\116\224\220\032\220\123\230\234\202\162\217\154\143\142\152\041\127\213}{chapter.3}% 12
\BOOKMARK [1][-]{section.3.3}{\376\377\0003\000.\0003\000\040\225\356\230\230\0003\377\032\000L\000E\000D\146\076\171\072\126\150\230\234\202\162\150\041\153\143\152\041\127\213}{chapter.3}% 13
\BOOKMARK [0][]{chapter.4}{\376\377\0004\000\040\152\041\127\213\133\236\163\260\116\016\176\323\147\234\122\006\147\220}{}% 14
\BOOKMARK [1][-]{section.4.1}{\376\377\0004\000.\0001\000\040\145\160\143\156\226\306\116\313\176\315}{chapter.4}% 15
\BOOKMARK [1][-]{section.4.2}{\376\377\0004\000.\0002\000\040\133\236\232\214\213\276\213\241}{chapter.4}% 16
\BOOKMARK [1][-]{section.4.3}{\376\377\0004\000.\0003\000\040\176\323\147\234\116\016\122\006\147\220}{chapter.4}% 17
\BOOKMARK [0][]{chapter.5}{\376\377\0005\000\040\152\041\127\213\213\304\116\367}{}% 18
\BOOKMARK [1][-]{section.5.1}{\376\377\0005\000.\0001\000\040\145\160\143\156\226\306\116\313\176\315}{chapter.5}% 19
\BOOKMARK [1][-]{section.5.2}{\376\377\0005\000.\0002\000\040\133\236\232\214\213\276\213\241}{chapter.5}% 20
\BOOKMARK [1][-]{section.5.3}{\376\377\0005\000.\0003\000\040\176\323\147\234\116\016\122\006\147\220}{chapter.5}% 21
\BOOKMARK [0][]{chapter.6}{\376\377\0006\000\040\176\323\213\272\116\016\134\125\147\033}{}% 22
\BOOKMARK [1][-]{section.6.1}{\376\377\0006\000.\0001\000\040\116\073\211\201\176\323\213\272}{chapter.6}% 23
\BOOKMARK [1][-]{section.6.2}{\376\377\0006\000.\0002\000\040\116\015\215\263\116\016\145\071\217\333\145\271\124\021}{chapter.6}% 24
\BOOKMARK [0][]{section*.4}{\376\377\123\302\200\003\145\207\163\056}{}% 25
\BOOKMARK [0][]{appendix*.6}{\376\377\226\104\000\040\000\040\137\125}{}% 26
\BOOKMARK [1][-]{section.Alph0.1}{\376\377\000A\000.\000\040\225\356\230\230\0001\117\177\165\050\116\343\170\001}{appendix*.6}% 27
\BOOKMARK [1][-]{section.Alph0.2}{\376\377\000B\000.\000\040\225\356\230\230\0002\117\177\165\050\116\343\170\001}{appendix*.6}% 28
\BOOKMARK [1][-]{section.Alph0.3}{\376\377\000C\000.\000\040\225\356\230\230\0003\117\177\165\050\116\343\170\001}{appendix*.6}% 29
\BOOKMARK [1][-]{section.Alph0.4}{\376\377\000D\000.\000\040\120\317\175\040\145\160\143\156\226\306}{appendix*.6}% 30
